0 verbose cli D:\node\node.exe D:\node\node_modules\npm\bin\npm-cli.js
1 info using npm@10.2.4
2 info using node@v20.11.1
3 timing npm:load:whichnode Completed in 14ms
4 timing config:load:defaults Completed in 2ms
5 timing config:load:file:D:\node\node_modules\npm\npmrc Completed in 13ms
6 timing config:load:builtin Completed in 14ms
7 timing config:load:cli Completed in 4ms
8 timing config:load:env Completed in 1ms
9 timing config:load:project Completed in 4ms
10 timing config:load:file:C:\Users\Qiu\.npmrc Completed in 2ms
11 timing config:load:user Completed in 2ms
12 timing config:load:file:D:\code\shopping\springboot\node\node_global\etc\npmrc Completed in 1ms
13 timing config:load:global Completed in 1ms
14 timing config:load:setEnvs Completed in 1ms
15 timing config:load Completed in 30ms
16 timing npm:load:configload Completed in 30ms
17 timing config:load:flatten Completed in 7ms
18 timing npm:load:mkdirpcache Completed in 6ms
19 timing npm:load:mkdirplogs Completed in 19ms
20 verbose title npm prefix
21 verbose argv "prefix" "--global"
22 timing npm:load:setTitle Completed in 14ms
23 timing npm:load:display Completed in 2ms
24 verbose logfile logs-max:10 dir:D:\code\shopping\springboot\node\node_cache\_logs\2024-07-20T02_28_35_817Z-
25 verbose logfile D:\code\shopping\springboot\node\node_cache\_logs\2024-07-20T02_28_35_817Z-debug-0.log
26 timing npm:load:logFile Completed in 26ms
27 timing npm:load:timers Completed in 0ms
28 timing npm:load:configScope Completed in 0ms
29 timing npm:load Completed in 246ms
30 timing command:prefix Completed in 3ms
31 verbose exit 0
32 timing npm Completed in 543ms
33 info ok
